# JRE version: OpenJDK Runtime Environment (8.0_112-b06) (build 1.8.0_112-release-b06)
# Java VM: OpenJDK 64-Bit Server VM (25.112-b06 mixed mode bsd-amd64 compressed oops)
Heap:
 PSYoungGen      total 367104K, used 25420K [0x00000007a0000000, 0x00000007c0000000, 0x00000007c0000000)
  eden space 339456K, 0% used [0x00000007a0000000,0x00000007a0000000,0x00000007b4b80000)
  from space 27648K, 91% used [0x00000007b4b80000,0x00000007b64533b0,0x00000007b6680000)
  to   space 31232K, 0% used [0x00000007be180000,0x00000007be180000,0x00000007c0000000)
 ParOldGen       total 84480K, used 31252K [0x0000000760000000, 0x0000000765280000, 0x00000007a0000000)
  object space 84480K, 36% used [0x0000000760000000,0x0000000761e85078,0x0000000765280000)
 Metaspace       used 57225K, capacity 59074K, committed 59160K, reserved 1099776K
  class space    used 7608K, capacity 8011K, committed 8064K, reserved 1048576K
GC Heap History (10 events):
Event: 9.434 GC heap after
Heap after GC invocations=7 (full 1):
 PSYoungGen      total 236544K, used 11920K [0x00000007a0000000, 0x00000007afb00000, 0x00000007c0000000)
  eden space 224256K, 0% used [0x00000007a0000000,0x00000007a0000000,0x00000007adb00000)
  from space 12288K, 97% used [0x00000007aef00000,0x00000007afaa4298,0x00000007afb00000)
  to   space 15872K, 0% used [0x00000007adc00000,0x00000007adc00000,0x00000007aeb80000)
 ParOldGen       total 55808K, used 12439K [0x0000000760000000, 0x0000000763680000, 0x00000007a0000000)
  object space 55808K, 22% used [0x0000000760000000,0x0000000760c25f28,0x0000000763680000)
 Metaspace       used 34714K, capacity 35362K, committed 35496K, reserved 1079296K
  class space    used 4666K, capacity 4859K, committed 4864K, reserved 1048576K
}
Event: 9.435 GC heap before
{Heap before GC invocations=8 (full 2):
 PSYoungGen      total 236544K, used 11920K [0x00000007a0000000, 0x00000007afb00000, 0x00000007c0000000)
  eden space 224256K, 0% used [0x00000007a0000000,0x00000007a0000000,0x00000007adb00000)
  from space 12288K, 97% used [0x00000007aef00000,0x00000007afaa4298,0x00000007afb00000)
  to   space 15872K, 0% used [0x00000007adc00000,0x00000007adc00000,0x00000007aeb80000)
 ParOldGen       total 55808K, used 12439K [0x0000000760000000, 0x0000000763680000, 0x00000007a0000000)
  object space 55808K, 22% used [0x0000000760000000,0x0000000760c25f28,0x0000000763680000)
 Metaspace       used 34714K, capacity 35362K, committed 35496K, reserved 1079296K
  class space    used 4666K, capacity 4859K, committed 4864K, reserved 1048576K
Event: 9.543 GC heap after
Heap after GC invocations=8 (full 2):
 PSYoungGen      total 236544K, used 0K [0x00000007a0000000, 0x00000007afb00000, 0x00000007c0000000)
  eden space 224256K, 0% used [0x00000007a0000000,0x00000007a0000000,0x00000007adb00000)
  from space 12288K, 0% used [0x00000007aef00000,0x00000007aef00000,0x00000007afb00000)
  to   space 15872K, 0% used [0x00000007adc00000,0x00000007adc00000,0x00000007aeb80000)
 ParOldGen       total 84480K, used 18740K [0x0000000760000000, 0x0000000765280000, 0x00000007a0000000)
  object space 84480K, 22% used [0x0000000760000000,0x000000076124d270,0x0000000765280000)
 Metaspace       used 34714K, capacity 35362K, committed 35496K, reserved 1079296K
  class space    used 4666K, capacity 4859K, committed 4864K, reserved 1048576K
}
Event: 14.863 GC heap before
{Heap before GC invocations=9 (full 2):
 PSYoungGen      total 236544K, used 224256K [0x00000007a0000000, 0x00000007afb00000, 0x00000007c0000000)
  eden space 224256K, 100% used [0x00000007a0000000,0x00000007adb00000,0x00000007adb00000)
  from space 12288K, 0% used [0x00000007aef00000,0x00000007aef00000,0x00000007afb00000)
  to   space 15872K, 0% used [0x00000007adc00000,0x00000007adc00000,0x00000007aeb80000)
 ParOldGen       total 84480K, used 18740K [0x0000000760000000, 0x0000000765280000, 0x00000007a0000000)
  object space 84480K, 22% used [0x0000000760000000,0x000000076124d270,0x0000000765280000)
 Metaspace       used 46751K, capacity 48156K, committed 48512K, reserved 1091584K
  class space    used 6341K, capacity 6676K, committed 6784K, reserved 1048576K
Event: 14.903 GC heap after
Heap after GC invocations=9 (full 2):
 PSYoungGen      total 241152K, used 15844K [0x00000007a0000000, 0x00000007b8100000, 0x00000007c0000000)
  eden space 225280K, 0% used [0x00000007a0000000,0x00000007a0000000,0x00000007adc00000)
  from space 15872K, 99% used [0x00000007adc00000,0x00000007aeb790d8,0x00000007aeb80000)
  to   space 20480K, 0% used [0x00000007b6d00000,0x00000007b6d00000,0x00000007b8100000)
 ParOldGen       total 84480K, used 22793K [0x0000000760000000, 0x0000000765280000, 0x00000007a0000000)
  object space 84480K, 26% used [0x0000000760000000,0x00000007616427a0,0x0000000765280000)
 Metaspace       used 46751K, capacity 48156K, committed 48512K, reserved 1091584K
  class space    used 6341K, capacity 6676K, committed 6784K, reserved 1048576K
}
Event: 151.752 GC heap before
{Heap before GC invocations=10 (full 2):
 PSYoungGen      total 241152K, used 241124K [0x00000007a0000000, 0x00000007b8100000, 0x00000007c0000000)
  eden space 225280K, 100% used [0x00000007a0000000,0x00000007adc00000,0x00000007adc00000)
  from space 15872K, 99% used [0x00000007adc00000,0x00000007aeb790d8,0x00000007aeb80000)
  to   space 20480K, 0% used [0x00000007b6d00000,0x00000007b6d00000,0x00000007b8100000)
 ParOldGen       total 84480K, used 22793K [0x0000000760000000, 0x0000000765280000, 0x00000007a0000000)
  object space 84480K, 26% used [0x0000000760000000,0x00000007616427a0,0x0000000765280000)
 Metaspace       used 53898K, capacity 55694K, committed 55808K, reserved 1097728K
  class space    used 7154K, capacity 7587K, committed 7680K, reserved 1048576K
Event: 151.832 GC heap after
Heap after GC invocations=10 (full 2):
 PSYoungGen      total 359936K, used 20448K [0x00000007a0000000, 0x00000007b8180000, 0x00000007c0000000)
  eden space 339456K, 0% used [0x00000007a0000000,0x00000007a0000000,0x00000007b4b80000)
  from space 20480K, 99% used [0x00000007b6d00000,0x00000007b80f8030,0x00000007b8100000)
  to   space 27648K, 0% used [0x00000007b4b80000,0x00000007b4b80000,0x00000007b6680000)
 ParOldGen       total 84480K, used 31244K [0x0000000760000000, 0x0000000765280000, 0x00000007a0000000)
  object space 84480K, 36% used [0x0000000760000000,0x0000000761e83078,0x0000000765280000)
 Metaspace       used 53898K, capacity 55694K, committed 55808K, reserved 1097728K
  class space    used 7154K, capacity 7587K, committed 7680K, reserved 1048576K
}
Event: 152.553 GC heap before
{Heap before GC invocations=11 (full 2):
 PSYoungGen      total 359936K, used 45700K [0x00000007a0000000, 0x00000007b8180000, 0x00000007c0000000)
  eden space 339456K, 7% used [0x00000007a0000000,0x00000007a18a9120,0x00000007b4b80000)
  from space 20480K, 99% used [0x00000007b6d00000,0x00000007b80f8030,0x00000007b8100000)
  to   space 27648K, 0% used [0x00000007b4b80000,0x00000007b4b80000,0x00000007b6680000)
 ParOldGen       total 84480K, used 31244K [0x0000000760000000, 0x0000000765280000, 0x00000007a0000000)
  object space 84480K, 36% used [0x0000000760000000,0x0000000761e83078,0x0000000765280000)
 Metaspace       used 57225K, capacity 59074K, committed 59160K, reserved 1099776K
  class space    used 7608K, capacity 8011K, committed 8064K, reserved 1048576K
Event: 152.595 GC heap after
Heap after GC invocations=11 (full 2):
 PSYoungGen      total 367104K, used 25420K [0x00000007a0000000, 0x00000007c0000000, 0x00000007c0000000)
  eden space 339456K, 0% used [0x00000007a0000000,0x00000007a0000000,0x00000007b4b80000)
  from space 27648K, 91% used [0x00000007b4b80000,0x00000007b64533b0,0x00000007b6680000)
  to   space 31232K, 0% used [0x00000007be180000,0x00000007be180000,0x00000007c0000000)
 ParOldGen       total 84480K, used 31252K [0x0000000760000000, 0x0000000765280000, 0x00000007a0000000)
  object space 84480K, 36% used [0x0000000760000000,0x0000000761e85078,0x0000000765280000)
 Metaspace       used 57225K, capacity 59074K, committed 59160K, reserved 1099776K
  class space    used 7608K, capacity 8011K, committed 8064K, reserved 1048576K
}
Event: 152.595 GC heap before
{Heap before GC invocations=12 (full 3):
 PSYoungGen      total 367104K, used 25420K [0x00000007a0000000, 0x00000007c0000000, 0x00000007c0000000)
  eden space 339456K, 0% used [0x00000007a0000000,0x00000007a0000000,0x00000007b4b80000)
  from space 27648K, 91% used [0x00000007b4b80000,0x00000007b64533b0,0x00000007b6680000)
  to   space 31232K, 0% used [0x00000007be180000,0x00000007be180000,0x00000007c0000000)
 ParOldGen       total 84480K, used 31252K [0x0000000760000000, 0x0000000765280000, 0x00000007a0000000)
  object space 84480K, 36% used [0x0000000760000000,0x0000000761e85078,0x0000000765280000)
 Metaspace       used 57225K, capacity 59074K, committed 59160K, reserved 1099776K
  class space    used 7608K, capacity 8011K, committed 8064K, reserved 1048576K

