# JRE version: OpenJDK Runtime Environment (8.0_112-b06) (build 1.8.0_112-release-b06)
# Java VM: OpenJDK 64-Bit Server VM (25.112-b06 mixed mode bsd-amd64 compressed oops)
Heap:
 PSYoungGen      total 141824K, used 82160K [0x00000007a0000000, 0x00000007acc80000, 0x00000007c0000000)
  eden space 131072K, 54% used [0x00000007a0000000,0x00000007a460aec0,0x00000007a8000000)
  from space 10752K, 97% used [0x00000007ac200000,0x00000007acc31220,0x00000007acc80000)
  to   space 16896K, 0% used [0x00000007aab80000,0x00000007aab80000,0x00000007abc00000)
 ParOldGen       total 132096K, used 47898K [0x0000000760000000, 0x0000000768100000, 0x00000007a0000000)
  object space 132096K, 36% used [0x0000000760000000,0x0000000762ec69b0,0x0000000768100000)
 Metaspace       used 74178K, capacity 82037K, committed 82304K, reserved 1122304K
  class space    used 9277K, capacity 10063K, committed 10112K, reserved 1048576K
GC Heap History (10 events):
Event: 32179.525 GC heap before
{Heap before GC invocations=41 (full 3):
 PSYoungGen      total 157184K, used 157169K [0x00000007a0000000, 0x00000007af380000, 0x00000007c0000000)
  eden space 153088K, 100% used [0x00000007a0000000,0x00000007a9580000,0x00000007a9580000)
  from space 4096K, 99% used [0x00000007ad300000,0x00000007ad6fc700,0x00000007ad700000)
  to   space 17920K, 0% used [0x00000007ae200000,0x00000007ae200000,0x00000007af380000)
 ParOldGen       total 132096K, used 47454K [0x0000000760000000, 0x0000000768100000, 0x00000007a0000000)
  object space 132096K, 35% used [0x0000000760000000,0x0000000762e579a0,0x0000000768100000)
 Metaspace       used 73955K, capacity 81551K, committed 81792K, reserved 1120256K
  class space    used 9245K, capacity 10029K, committed 10112K, reserved 1048576K
Event: 32179.573 GC heap after
Heap after GC invocations=41 (full 3):
 PSYoungGen      total 151552K, used 2816K [0x00000007a0000000, 0x00000007ae500000, 0x00000007c0000000)
  eden space 148480K, 0% used [0x00000007a0000000,0x00000007a0000000,0x00000007a9100000)
  from space 3072K, 91% used [0x00000007ae200000,0x00000007ae4c0000,0x00000007ae500000)
  to   space 17408K, 0% used [0x00000007ac300000,0x00000007ac300000,0x00000007ad400000)
 ParOldGen       total 132096K, used 47502K [0x0000000760000000, 0x0000000768100000, 0x00000007a0000000)
  object space 132096K, 35% used [0x0000000760000000,0x0000000762e639a0,0x0000000768100000)
 Metaspace       used 73955K, capacity 81551K, committed 81792K, reserved 1120256K
  class space    used 9245K, capacity 10029K, committed 10112K, reserved 1048576K
}
Event: 32180.747 GC heap before
{Heap before GC invocations=42 (full 3):
 PSYoungGen      total 151552K, used 150448K [0x00000007a0000000, 0x00000007ae500000, 0x00000007c0000000)
  eden space 148480K, 99% used [0x00000007a0000000,0x00000007a902c278,0x00000007a9100000)
  from space 3072K, 91% used [0x00000007ae200000,0x00000007ae4c0000,0x00000007ae500000)
  to   space 17408K, 0% used [0x00000007ac300000,0x00000007ac300000,0x00000007ad400000)
 ParOldGen       total 132096K, used 47502K [0x0000000760000000, 0x0000000768100000, 0x00000007a0000000)
  object space 132096K, 35% used [0x0000000760000000,0x0000000762e639a0,0x0000000768100000)
 Metaspace       used 74017K, capacity 81703K, committed 81792K, reserved 1120256K
  class space    used 9253K, capacity 10037K, committed 10112K, reserved 1048576K
Event: 32180.784 GC heap after
Heap after GC invocations=42 (full 3):
 PSYoungGen      total 152576K, used 8637K [0x00000007a0000000, 0x00000007ae280000, 0x00000007c0000000)
  eden space 143872K, 0% used [0x00000007a0000000,0x00000007a0000000,0x00000007a8c80000)
  from space 8704K, 99% used [0x00000007ac300000,0x00000007acb6f5e0,0x00000007acb80000)
  to   space 17408K, 0% used [0x00000007ad180000,0x00000007ad180000,0x00000007ae280000)
 ParOldGen       total 132096K, used 47582K [0x0000000760000000, 0x0000000768100000, 0x00000007a0000000)
  object space 132096K, 36% used [0x0000000760000000,0x0000000762e779a0,0x0000000768100000)
 Metaspace       used 74017K, capacity 81703K, committed 81792K, reserved 1120256K
  class space    used 9253K, capacity 10037K, committed 10112K, reserved 1048576K
}
Event: 32323.313 GC heap before
{Heap before GC invocations=43 (full 3):
 PSYoungGen      total 152576K, used 152509K [0x00000007a0000000, 0x00000007ae280000, 0x00000007c0000000)
  eden space 143872K, 100% used [0x00000007a0000000,0x00000007a8c80000,0x00000007a8c80000)
  from space 8704K, 99% used [0x00000007ac300000,0x00000007acb6f5e0,0x00000007acb80000)
  to   space 17408K, 0% used [0x00000007ad180000,0x00000007ad180000,0x00000007ae280000)
 ParOldGen       total 132096K, used 47582K [0x0000000760000000, 0x0000000768100000, 0x00000007a0000000)
  object space 132096K, 36% used [0x0000000760000000,0x0000000762e779a0,0x0000000768100000)
 Metaspace       used 74063K, capacity 81791K, committed 82048K, reserved 1122304K
  class space    used 9261K, capacity 10045K, committed 10112K, reserved 1048576K
Event: 32323.359 GC heap after
Heap after GC invocations=43 (full 3):
 PSYoungGen      total 150016K, used 10615K [0x00000007a0000000, 0x00000007adc00000, 0x00000007c0000000)
  eden space 139264K, 0% used [0x00000007a0000000,0x00000007a0000000,0x00000007a8800000)
  from space 10752K, 98% used [0x00000007ad180000,0x00000007adbddec0,0x00000007adc00000)
  to   space 17408K, 0% used [0x00000007aba00000,0x00000007aba00000,0x00000007acb00000)
 ParOldGen       total 132096K, used 47686K [0x0000000760000000, 0x0000000768100000, 0x00000007a0000000)
  object space 132096K, 36% used [0x0000000760000000,0x0000000762e919a0,0x0000000768100000)
 Metaspace       used 74063K, capacity 81791K, committed 82048K, reserved 1122304K
  class space    used 9261K, capacity 10045K, committed 10112K, reserved 1048576K
}
Event: 32520.346 GC heap before
{Heap before GC invocations=44 (full 3):
 PSYoungGen      total 150016K, used 149879K [0x00000007a0000000, 0x00000007adc00000, 0x00000007c0000000)
  eden space 139264K, 100% used [0x00000007a0000000,0x00000007a8800000,0x00000007a8800000)
  from space 10752K, 98% used [0x00000007ad180000,0x00000007adbddec0,0x00000007adc00000)
  to   space 17408K, 0% used [0x00000007aba00000,0x00000007aba00000,0x00000007acb00000)
 ParOldGen       total 132096K, used 47686K [0x0000000760000000, 0x0000000768100000, 0x00000007a0000000)
  object space 132096K, 36% used [0x0000000760000000,0x0000000762e919a0,0x0000000768100000)
 Metaspace       used 74119K, capacity 81943K, committed 82048K, reserved 1122304K
  class space    used 9269K, capacity 10053K, committed 10112K, reserved 1048576K
Event: 32520.372 GC heap after
Heap after GC invocations=44 (full 3):
 PSYoungGen      total 143360K, used 7969K [0x00000007a0000000, 0x00000007ad200000, 0x00000007c0000000)
  eden space 135168K, 0% used [0x00000007a0000000,0x00000007a0000000,0x00000007a8400000)
  from space 8192K, 97% used [0x00000007aba00000,0x00000007ac1c8698,0x00000007ac200000)
  to   space 16384K, 0% used [0x00000007ac200000,0x00000007ac200000,0x00000007ad200000)
 ParOldGen       total 132096K, used 47822K [0x0000000760000000, 0x0000000768100000, 0x00000007a0000000)
  object space 132096K, 36% used [0x0000000760000000,0x0000000762eb39a0,0x0000000768100000)
 Metaspace       used 74119K, capacity 81943K, committed 82048K, reserved 1122304K
  class space    used 9269K, capacity 10053K, committed 10112K, reserved 1048576K
}
Event: 32530.250 GC heap before
{Heap before GC invocations=45 (full 3):
 PSYoungGen      total 143360K, used 143137K [0x00000007a0000000, 0x00000007ad200000, 0x00000007c0000000)
  eden space 135168K, 100% used [0x00000007a0000000,0x00000007a8400000,0x00000007a8400000)
  from space 8192K, 97% used [0x00000007aba00000,0x00000007ac1c8698,0x00000007ac200000)
  to   space 16384K, 0% used [0x00000007ac200000,0x00000007ac200000,0x00000007ad200000)
 ParOldGen       total 132096K, used 47822K [0x0000000760000000, 0x0000000768100000, 0x00000007a0000000)
  object space 132096K, 36% used [0x0000000760000000,0x0000000762eb39a0,0x0000000768100000)
 Metaspace       used 74167K, capacity 82037K, committed 82304K, reserved 1122304K
  class space    used 9277K, capacity 10063K, committed 10112K, reserved 1048576K
Event: 32530.270 GC heap after
Heap after GC invocations=45 (full 3):
 PSYoungGen      total 141824K, used 10436K [0x00000007a0000000, 0x00000007acc80000, 0x00000007c0000000)
  eden space 131072K, 0% used [0x00000007a0000000,0x00000007a0000000,0x00000007a8000000)
  from space 10752K, 97% used [0x00000007ac200000,0x00000007acc31220,0x00000007acc80000)
  to   space 16896K, 0% used [0x00000007aab80000,0x00000007aab80000,0x00000007abc00000)
 ParOldGen       total 132096K, used 47898K [0x0000000760000000, 0x0000000768100000, 0x00000007a0000000)
  object space 132096K, 36% used [0x0000000760000000,0x0000000762ec69b0,0x0000000768100000)
 Metaspace       used 74167K, capacity 82037K, committed 82304K, reserved 1122304K
  class space    used 9277K, capacity 10063K, committed 10112K, reserved 1048576K
}

